1.190000000000000000e+02
1.020000000000000000e+02
8.600000000000000000e+01
7.100000000000000000e+01
7.100000000000000000e+01
7.500000000000000000e+01
5.800000000000000000e+01
4.900000000000000000e+01
5.100000000000000000e+01
5.100000000000000000e+01
5.100000000000000000e+01
3.900000000000000000e+01
3.100000000000000000e+01
3.500000000000000000e+01
3.500000000000000000e+01
3.500000000000000000e+01
3.500000000000000000e+01
6.500000000000000000e+01
8.600000000000000000e+01
1.090000000000000000e+02
