1.510000000000000000e+02
1.510000000000000000e+02
1.510000000000000000e+02
1.510000000000000000e+02
1.750000000000000000e+02
1.920000000000000000e+02
2.080000000000000000e+02
2.250000000000000000e+02
2.430000000000000000e+02
2.640000000000000000e+02
2.800000000000000000e+02
3.360000000000000000e+02
3.590000000000000000e+02
3.390000000000000000e+02
3.110000000000000000e+02
2.790000000000000000e+02
2.470000000000000000e+02
2.350000000000000000e+02
2.080000000000000000e+02
1.860000000000000000e+02
